============================= test session starts ==============================
platform linux -- Python 3.12.13, pytest-7.3.2, pluggy-1.6.0 -- /home/ubuntu/.pyenv/versions/3.12.13/bin/python
cachedir: .pytest_cache
rootdir: /home/ubuntu/repos/sas-to-pyspark-migration
plugins: flaky-3.8.1, anyio-4.15.1, base-url-2.1.0, Faker-40.38.0, xdist-3.8.0, playwright-0.9.0
collecting ... collected 14 items / 11 deselected / 3 selected

tests/test_pyspark_outputs.py::TestHomeEquityPySpark::test_filtering_removes_nulls PASSED [ 33%]
tests/test_pyspark_outputs.py::TestHomeEquityPySpark::test_loan_outcome_derivation PASSED [ 66%]
tests/test_pyspark_outputs.py::TestHomeEquityPySpark::test_ltv_calculation PASSED [100%]

=============================== warnings summary ===============================
tests/test_pyspark_outputs.py::TestHomeEquityPySpark::test_filtering_removes_nulls
  /home/ubuntu/.pyenv/versions/3.12.13/lib/python3.12/site-packages/pyspark/testing/utils.py:127: FutureWarning: PySpark does not yet fully support pandas >= 3.0.0. Some features may not work correctly. It is recommended to use pandas < 3.0.0 for now.
    require_minimum_pandas_version()

-- Docs: https://docs.pytest.org/en/stable/how-to/capture-warnings.html
================= 3 passed, 11 deselected, 1 warning in 9.08s ==================
